2021-07-31 12:52:58.539  INFO Apples-iMac
			--- [           main] c.c.m.App                                : Starting App using Java 11.0.8 on Apples-iMac with PID 15240 (/Users/apple/eclipse-workspace/movieDatabaseApi/target/classes started by apple in /Users/apple/eclipse-workspace/movieDatabaseApi)
2021-07-31 12:52:58.573  INFO Apples-iMac
			--- [           main] c.c.m.App                                : No active profile set, falling back to default profiles: default
2021-07-31 12:53:00.591  INFO Apples-iMac
			--- [           main] .s.d.r.c.RepositoryConfigurationDelegate : Bootstrapping Spring Data JPA repositories in DEFAULT mode.
2021-07-31 12:53:00.782  INFO Apples-iMac
			--- [           main] .s.d.r.c.RepositoryConfigurationDelegate : Finished Spring Data repository scanning in 153 ms. Found 4 JPA repository interfaces.
2021-07-31 12:53:02.587  INFO Apples-iMac
			--- [           main] o.s.b.w.e.t.TomcatWebServer              : Tomcat initialized with port(s): 5000 (http)
2021-07-31 12:53:02.628  INFO Apples-iMac
			--- [           main] o.a.c.h.Http11NioProtocol                : Initializing ProtocolHandler ["http-nio-5000"]
2021-07-31 12:53:02.629  INFO Apples-iMac
			--- [           main] o.a.c.c.StandardService                  : Starting service [Tomcat]
2021-07-31 12:53:02.630  INFO Apples-iMac
			--- [           main] o.a.c.c.StandardEngine                   : Starting Servlet engine: [Apache Tomcat/9.0.41]
2021-07-31 12:53:02.835  INFO Apples-iMac
			--- [           main] o.a.c.c.C.[.[.[/]                        : Initializing Spring embedded WebApplicationContext
2021-07-31 12:53:02.836  INFO Apples-iMac
			--- [           main] w.s.c.ServletWebServerApplicationContext : Root WebApplicationContext: initialization completed in 4063 ms
2021-07-31 12:53:03.375  INFO Apples-iMac
			--- [           main] o.h.j.i.u.LogHelper                      : HHH000204: Processing PersistenceUnitInfo [name: default]
2021-07-31 12:53:03.598  INFO Apples-iMac
			--- [           main] o.h.Version                              : HHH000412: Hibernate ORM core version 5.4.27.Final
2021-07-31 12:53:04.961  INFO Apples-iMac
			--- [           main] o.h.a.c.Version                          : HCANN000001: Hibernate Commons Annotations {5.1.2.Final}
2021-07-31 12:53:05.257  INFO Apples-iMac
			--- [           main] c.z.h.HikariDataSource                   : HikariPool-1 - Starting...
2021-07-31 12:53:06.898  INFO Apples-iMac
			--- [           main] c.z.h.HikariDataSource                   : HikariPool-1 - Start completed.
2021-07-31 12:53:06.986  INFO Apples-iMac
			--- [           main] o.h.d.Dialect                            : HHH000400: Using dialect: org.hibernate.dialect.MySQL8Dialect
2021-07-31 12:53:09.841  INFO Apples-iMac
			--- [           main] o.h.e.t.j.p.i.JtaPlatformInitiator       : HHH000490: Using JtaPlatform implementation: [org.hibernate.engine.transaction.jta.platform.internal.NoJtaPlatform]
2021-07-31 12:53:09.878  INFO Apples-iMac
			--- [           main] j.LocalContainerEntityManagerFactoryBean : Initialized JPA EntityManagerFactory for persistence unit 'default'
2021-07-31 12:53:10.774  WARN Apples-iMac
			--- [           main] JpaBaseConfiguration$JpaWebConfiguration : spring.jpa.open-in-view is enabled by default. Therefore, database queries may be performed during view rendering. Explicitly configure spring.jpa.open-in-view to disable this warning
2021-07-31 12:53:11.78  INFO Apples-iMac
			--- [           main] o.s.s.c.ThreadPoolTaskExecutor           : Initializing ExecutorService 'applicationTaskExecutor'
2021-07-31 12:53:11.534  INFO Apples-iMac
			--- [           main] o.a.c.h.Http11NioProtocol                : Starting ProtocolHandler ["http-nio-5000"]
2021-07-31 12:53:11.654  INFO Apples-iMac
			--- [           main] o.s.b.w.e.t.TomcatWebServer              : Tomcat started on port(s): 5000 (http) with context path ''
2021-07-31 12:53:11.671  INFO Apples-iMac
			--- [           main] c.c.m.App                                : Started App in 14.244 seconds (JVM running for 17.136)
2021-07-31 12:53:55.377  INFO Apples-iMac
			--- [extShutdownHook] o.s.s.c.ThreadPoolTaskExecutor           : Shutting down ExecutorService 'applicationTaskExecutor'
2021-07-31 12:53:55.401  INFO Apples-iMac
			--- [extShutdownHook] j.LocalContainerEntityManagerFactoryBean : Closing JPA EntityManagerFactory for persistence unit 'default'
2021-07-31 12:53:55.427  INFO Apples-iMac
			--- [extShutdownHook] c.z.h.HikariDataSource                   : HikariPool-1 - Shutdown initiated...
2021-07-31 12:53:55.717  INFO Apples-iMac
			--- [extShutdownHook] c.z.h.HikariDataSource                   : HikariPool-1 - Shutdown completed.
2021-07-31 13:32:21.228  INFO Apples-iMac
			--- [           main] c.c.m.App                                : Starting App using Java 11.0.8 on Apples-iMac with PID 15468 (/Users/apple/eclipse-workspace/movieDatabaseApi2/target/classes started by apple in /Users/apple/eclipse-workspace/movieDatabaseApi2)
2021-07-31 13:32:21.269  INFO Apples-iMac
			--- [           main] c.c.m.App                                : No active profile set, falling back to default profiles: default
2021-07-31 13:32:23.60  INFO Apples-iMac
			--- [           main] .s.d.r.c.RepositoryConfigurationDelegate : Bootstrapping Spring Data JPA repositories in DEFAULT mode.
2021-07-31 13:32:23.228  INFO Apples-iMac
			--- [           main] .s.d.r.c.RepositoryConfigurationDelegate : Finished Spring Data repository scanning in 121 ms. Found 4 JPA repository interfaces.
2021-07-31 13:32:24.652  INFO Apples-iMac
			--- [           main] o.s.b.w.e.t.TomcatWebServer              : Tomcat initialized with port(s): 5000 (http)
2021-07-31 13:32:24.690  INFO Apples-iMac
			--- [           main] o.a.c.h.Http11NioProtocol                : Initializing ProtocolHandler ["http-nio-5000"]
2021-07-31 13:32:24.692  INFO Apples-iMac
			--- [           main] o.a.c.c.StandardService                  : Starting service [Tomcat]
2021-07-31 13:32:24.694  INFO Apples-iMac
			--- [           main] o.a.c.c.StandardEngine                   : Starting Servlet engine: [Apache Tomcat/9.0.41]
2021-07-31 13:32:24.905  INFO Apples-iMac
			--- [           main] o.a.c.c.C.[.[.[/]                        : Initializing Spring embedded WebApplicationContext
2021-07-31 13:32:24.906  INFO Apples-iMac
			--- [           main] w.s.c.ServletWebServerApplicationContext : Root WebApplicationContext: initialization completed in 3494 ms
2021-07-31 13:32:25.389  INFO Apples-iMac
			--- [           main] o.h.j.i.u.LogHelper                      : HHH000204: Processing PersistenceUnitInfo [name: default]
2021-07-31 13:32:25.512  INFO Apples-iMac
			--- [           main] o.h.Version                              : HHH000412: Hibernate ORM core version 5.4.27.Final
2021-07-31 13:32:25.844  INFO Apples-iMac
			--- [           main] o.h.a.c.Version                          : HCANN000001: Hibernate Commons Annotations {5.1.2.Final}
2021-07-31 13:32:26.72  INFO Apples-iMac
			--- [           main] c.z.h.HikariDataSource                   : HikariPool-1 - Starting...
2021-07-31 13:32:26.795  INFO Apples-iMac
			--- [           main] c.z.h.HikariDataSource                   : HikariPool-1 - Start completed.
2021-07-31 13:32:26.848  INFO Apples-iMac
			--- [           main] o.h.d.Dialect                            : HHH000400: Using dialect: org.hibernate.dialect.MySQL8Dialect
2021-07-31 13:32:28.709  INFO Apples-iMac
			--- [           main] o.h.e.t.j.p.i.JtaPlatformInitiator       : HHH000490: Using JtaPlatform implementation: [org.hibernate.engine.transaction.jta.platform.internal.NoJtaPlatform]
2021-07-31 13:32:28.731  INFO Apples-iMac
			--- [           main] j.LocalContainerEntityManagerFactoryBean : Initialized JPA EntityManagerFactory for persistence unit 'default'
2021-07-31 13:32:29.736  WARN Apples-iMac
			--- [           main] JpaBaseConfiguration$JpaWebConfiguration : spring.jpa.open-in-view is enabled by default. Therefore, database queries may be performed during view rendering. Explicitly configure spring.jpa.open-in-view to disable this warning
2021-07-31 13:32:29.996  INFO Apples-iMac
			--- [           main] o.s.s.c.ThreadPoolTaskExecutor           : Initializing ExecutorService 'applicationTaskExecutor'
2021-07-31 13:32:30.466  INFO Apples-iMac
			--- [           main] o.a.c.h.Http11NioProtocol                : Starting ProtocolHandler ["http-nio-5000"]
2021-07-31 13:32:30.539  INFO Apples-iMac
			--- [           main] o.s.b.w.e.t.TomcatWebServer              : Tomcat started on port(s): 5000 (http) with context path ''
2021-07-31 13:32:30.557  INFO Apples-iMac
			--- [           main] c.c.m.App                                : Started App in 10.234 seconds (JVM running for 12.618)
2021-07-31 13:33:36.609  INFO Apples-iMac
			--- [extShutdownHook] o.s.s.c.ThreadPoolTaskExecutor           : Shutting down ExecutorService 'applicationTaskExecutor'
2021-07-31 13:33:36.613  INFO Apples-iMac
			--- [extShutdownHook] j.LocalContainerEntityManagerFactoryBean : Closing JPA EntityManagerFactory for persistence unit 'default'
2021-07-31 13:33:36.783  INFO Apples-iMac
			--- [extShutdownHook] c.z.h.HikariDataSource                   : HikariPool-1 - Shutdown initiated...
2021-07-31 13:33:36.805  INFO Apples-iMac
			--- [extShutdownHook] c.z.h.HikariDataSource                   : HikariPool-1 - Shutdown completed.
2021-07-31 13:34:10.72  INFO Apples-iMac
			--- [           main] c.c.m.App                                : Starting App using Java 11.0.8 on Apples-iMac with PID 15473 (/Users/apple/eclipse-workspace/movieDatabaseApi2/target/classes started by apple in /Users/apple/eclipse-workspace/movieDatabaseApi2)
2021-07-31 13:34:10.90  INFO Apples-iMac
			--- [           main] c.c.m.App                                : No active profile set, falling back to default profiles: default
2021-07-31 13:34:11.439  INFO Apples-iMac
			--- [           main] .s.d.r.c.RepositoryConfigurationDelegate : Bootstrapping Spring Data JPA repositories in DEFAULT mode.
2021-07-31 13:34:11.570  INFO Apples-iMac
			--- [           main] .s.d.r.c.RepositoryConfigurationDelegate : Finished Spring Data repository scanning in 113 ms. Found 4 JPA repository interfaces.
2021-07-31 13:34:12.677  INFO Apples-iMac
			--- [           main] o.s.b.w.e.t.TomcatWebServer              : Tomcat initialized with port(s): 8080 (http)
2021-07-31 13:34:12.692  INFO Apples-iMac
			--- [           main] o.a.c.h.Http11NioProtocol                : Initializing ProtocolHandler ["http-nio-8080"]
2021-07-31 13:34:12.694  INFO Apples-iMac
			--- [           main] o.a.c.c.StandardService                  : Starting service [Tomcat]
2021-07-31 13:34:12.695  INFO Apples-iMac
			--- [           main] o.a.c.c.StandardEngine                   : Starting Servlet engine: [Apache Tomcat/9.0.41]
2021-07-31 13:34:12.880  INFO Apples-iMac
			--- [           main] o.a.c.c.C.[.[.[/]                        : Initializing Spring embedded WebApplicationContext
2021-07-31 13:34:12.881  INFO Apples-iMac
			--- [           main] w.s.c.ServletWebServerApplicationContext : Root WebApplicationContext: initialization completed in 2663 ms
2021-07-31 13:34:13.249  INFO Apples-iMac
			--- [           main] o.h.j.i.u.LogHelper                      : HHH000204: Processing PersistenceUnitInfo [name: default]
2021-07-31 13:34:13.359  INFO Apples-iMac
			--- [           main] o.h.Version                              : HHH000412: Hibernate ORM core version 5.4.27.Final
2021-07-31 13:34:13.625  INFO Apples-iMac
			--- [           main] o.h.a.c.Version                          : HCANN000001: Hibernate Commons Annotations {5.1.2.Final}
2021-07-31 13:34:13.818  INFO Apples-iMac
			--- [           main] c.z.h.HikariDataSource                   : HikariPool-1 - Starting...
2021-07-31 13:34:14.539  INFO Apples-iMac
			--- [           main] c.z.h.HikariDataSource                   : HikariPool-1 - Start completed.
2021-07-31 13:34:14.577  INFO Apples-iMac
			--- [           main] o.h.d.Dialect                            : HHH000400: Using dialect: org.hibernate.dialect.MySQL8Dialect
2021-07-31 13:34:16.39  INFO Apples-iMac
			--- [           main] o.h.e.t.j.p.i.JtaPlatformInitiator       : HHH000490: Using JtaPlatform implementation: [org.hibernate.engine.transaction.jta.platform.internal.NoJtaPlatform]
2021-07-31 13:34:16.54  INFO Apples-iMac
			--- [           main] j.LocalContainerEntityManagerFactoryBean : Initialized JPA EntityManagerFactory for persistence unit 'default'
2021-07-31 13:34:16.885  WARN Apples-iMac
			--- [           main] JpaBaseConfiguration$JpaWebConfiguration : spring.jpa.open-in-view is enabled by default. Therefore, database queries may be performed during view rendering. Explicitly configure spring.jpa.open-in-view to disable this warning
2021-07-31 13:34:17.100  INFO Apples-iMac
			--- [           main] o.s.s.c.ThreadPoolTaskExecutor           : Initializing ExecutorService 'applicationTaskExecutor'
2021-07-31 13:34:17.500  INFO Apples-iMac
			--- [           main] o.a.c.h.Http11NioProtocol                : Starting ProtocolHandler ["http-nio-8080"]
2021-07-31 13:34:17.570  INFO Apples-iMac
			--- [           main] o.s.b.w.e.t.TomcatWebServer              : Tomcat started on port(s): 8080 (http) with context path ''
2021-07-31 13:34:17.589  INFO Apples-iMac
			--- [           main] c.c.m.App                                : Started App in 8.133 seconds (JVM running for 9.802)
2021-07-31 13:34:49.250  INFO Apples-iMac
			--- [nio-8080-exec-2] o.a.c.c.C.[.[.[/]                        : Initializing Spring DispatcherServlet 'dispatcherServlet'
2021-07-31 13:34:49.253  INFO Apples-iMac
			--- [nio-8080-exec-2] o.s.w.s.DispatcherServlet                : Initializing Servlet 'dispatcherServlet'
2021-07-31 13:34:49.255  INFO Apples-iMac
			--- [nio-8080-exec-2] o.s.w.s.DispatcherServlet                : Completed initialization in 2 ms
